2026-07-03 14:26:36 [DETAIL] dqnoym3b-Leaf32: node_id=1032, pod_id=1
2026-07-03 14:26:36 [DETAIL] dqnoym3b-Leaf32: shutdown_file=/home/kddi/scripts/nodeshut_vup/run/OrderGroup_Template_Leaf_TM-0400555-2/dqnoym3b-Leaf32/dqnoym3b-Leaf32_shutdown.json, dn_count=21, spine_dn_count=2
2026-07-03 14:26:36 [DETAIL] dqnoym3b-Leaf32: before_spine_admin=/home/kddi/scripts/nodeshut_vup/log/OrderGroup_Template_Leaf_TM-0400555-2/dqnoym3b-Leaf32_disable_before_spine_admin_statuses.json, before_spine_oper=/home/kddi/scripts/nodeshut_vup/log/OrderGroup_Template_Leaf_TM-0400555-2/dqnoym3b-Leaf32_disable_before_spine_oper_statuses.jsonbefore_apic_admin=/home/kddi/scripts/nodeshut_vup/log/OrderGroup_Template_Leaf_TM-0400555-2/dqnoym3b-Leaf32_disable_before_apic_admin_statuses.json, before_apic_oper=/home/kddi/scripts/nodeshut_vup/log/OrderGroup_Template_Leaf_TM-0400555-2/dqnoym3b-Leaf32_disable_before_apic_oper_statuses.json
2026-07-03 14:26:36 [DETAIL] dqnoym3b-Leaf32: before_admin=/home/kddi/scripts/nodeshut_vup/log/OrderGroup_Template_Leaf_TM-0400555-2/dqnoym3b-Leaf32_disable_before_admin_statuses.json, before_oper=/home/kddi/scripts/nodeshut_vup/log/OrderGroup_Template_Leaf_TM-0400555-2/dqnoym3b-Leaf32_disable_before_oper_statuses.json
2026-07-03 14:26:36 [DETAIL] dqnoym3b-Leaf32: POSTファイル=/home/kddi/scripts/nodeshut_vup/run/OrderGroup_Template_Leaf_TM-0400555-2/dqnoym3b-Leaf32/dqnoym3b-Leaf32_shutdown.json, dn_count=21, spine_dn_count=2
2026-07-03 14:26:48 [DETAIL] dqnoym3b-Leaf32: after_admin=/home/kddi/scripts/nodeshut_vup/log/OrderGroup_Template_Leaf_TM-0400555-2/dqnoym3b-Leaf32_disable_after_admin_statuses.json, after_oper=/home/kddi/scripts/nodeshut_vup/log/OrderGroup_Template_Leaf_TM-0400555-2/dqnoym3b-Leaf32_disable_after_oper_statuses.json, after_spine_admin=/home/kddi/scripts/nodeshut_vup/log/OrderGroup_Template_Leaf_TM-0400555-2/dqnoym3b-Leaf32_disable_after_spine_admin_statuses.json, after_spine_oper=/home/kddi/scripts/nodeshut_vup/log/OrderGroup_Template_Leaf_TM-0400555-2/dqnoym3b-Leaf32_disable_after_spine_oper_statuses.json
2026-07-03 14:26:48 [DETAIL] dqnoym3b-Leaf32: commands_file=/home/kddi/scripts/nodeshut_vup/commands/leaf_commands.txt
2026-07-03 14:27:04 [DETAIL] dqnoym3b-Leaf34: node_id=1034, pod_id=1
2026-07-03 14:27:04 [DETAIL] dqnoym3b-Leaf34: shutdown_file=/home/kddi/scripts/nodeshut_vup/run/OrderGroup_Template_Leaf_TM-0400555-2/dqnoym3b-Leaf34/dqnoym3b-Leaf34_shutdown.json, dn_count=21, spine_dn_count=2
2026-07-03 14:27:04 [DETAIL] dqnoym3b-Leaf34: before_spine_admin=/home/kddi/scripts/nodeshut_vup/log/OrderGroup_Template_Leaf_TM-0400555-2/dqnoym3b-Leaf34_disable_before_spine_admin_statuses.json, before_spine_oper=/home/kddi/scripts/nodeshut_vup/log/OrderGroup_Template_Leaf_TM-0400555-2/dqnoym3b-Leaf34_disable_before_spine_oper_statuses.jsonbefore_apic_admin=/home/kddi/scripts/nodeshut_vup/log/OrderGroup_Template_Leaf_TM-0400555-2/dqnoym3b-Leaf34_disable_before_apic_admin_statuses.json, before_apic_oper=/home/kddi/scripts/nodeshut_vup/log/OrderGroup_Template_Leaf_TM-0400555-2/dqnoym3b-Leaf34_disable_before_apic_oper_statuses.json
2026-07-03 14:27:05 [DETAIL] dqnoym3b-Leaf34: before_admin=/home/kddi/scripts/nodeshut_vup/log/OrderGroup_Template_Leaf_TM-0400555-2/dqnoym3b-Leaf34_disable_before_admin_statuses.json, before_oper=/home/kddi/scripts/nodeshut_vup/log/OrderGroup_Template_Leaf_TM-0400555-2/dqnoym3b-Leaf34_disable_before_oper_statuses.json
2026-07-03 14:27:05 [DETAIL] dqnoym3b-Leaf34: POSTファイル=/home/kddi/scripts/nodeshut_vup/run/OrderGroup_Template_Leaf_TM-0400555-2/dqnoym3b-Leaf34/dqnoym3b-Leaf34_shutdown.json, dn_count=21, spine_dn_count=2
2026-07-03 14:27:16 [DETAIL] dqnoym3b-Leaf34: after_admin=/home/kddi/scripts/nodeshut_vup/log/OrderGroup_Template_Leaf_TM-0400555-2/dqnoym3b-Leaf34_disable_after_admin_statuses.json, after_oper=/home/kddi/scripts/nodeshut_vup/log/OrderGroup_Template_Leaf_TM-0400555-2/dqnoym3b-Leaf34_disable_after_oper_statuses.json, after_spine_admin=/home/kddi/scripts/nodeshut_vup/log/OrderGroup_Template_Leaf_TM-0400555-2/dqnoym3b-Leaf34_disable_after_spine_admin_statuses.json, after_spine_oper=/home/kddi/scripts/nodeshut_vup/log/OrderGroup_Template_Leaf_TM-0400555-2/dqnoym3b-Leaf34_disable_after_spine_oper_statuses.json
2026-07-03 14:27:16 [DETAIL] dqnoym3b-Leaf34: commands_file=/home/kddi/scripts/nodeshut_vup/commands/leaf_commands.txt
2026-07-03 14:27:32 [DETAIL] dqnoym3b-Leaf36: node_id=1036, pod_id=1
2026-07-03 14:27:32 [DETAIL] dqnoym3b-Leaf36: shutdown_file=/home/kddi/scripts/nodeshut_vup/run/OrderGroup_Template_Leaf_TM-0400555-2/dqnoym3b-Leaf36/dqnoym3b-Leaf36_shutdown.json, dn_count=23, spine_dn_count=2
2026-07-03 14:27:33 [DETAIL] dqnoym3b-Leaf36: before_spine_admin=/home/kddi/scripts/nodeshut_vup/log/OrderGroup_Template_Leaf_TM-0400555-2/dqnoym3b-Leaf36_disable_before_spine_admin_statuses.json, before_spine_oper=/home/kddi/scripts/nodeshut_vup/log/OrderGroup_Template_Leaf_TM-0400555-2/dqnoym3b-Leaf36_disable_before_spine_oper_statuses.jsonbefore_apic_admin=/home/kddi/scripts/nodeshut_vup/log/OrderGroup_Template_Leaf_TM-0400555-2/dqnoym3b-Leaf36_disable_before_apic_admin_statuses.json, before_apic_oper=/home/kddi/scripts/nodeshut_vup/log/OrderGroup_Template_Leaf_TM-0400555-2/dqnoym3b-Leaf36_disable_before_apic_oper_statuses.json
2026-07-03 14:27:33 [DETAIL] dqnoym3b-Leaf36: before_admin=/home/kddi/scripts/nodeshut_vup/log/OrderGroup_Template_Leaf_TM-0400555-2/dqnoym3b-Leaf36_disable_before_admin_statuses.json, before_oper=/home/kddi/scripts/nodeshut_vup/log/OrderGroup_Template_Leaf_TM-0400555-2/dqnoym3b-Leaf36_disable_before_oper_statuses.json
2026-07-03 14:27:33 [DETAIL] dqnoym3b-Leaf36: POSTファイル=/home/kddi/scripts/nodeshut_vup/run/OrderGroup_Template_Leaf_TM-0400555-2/dqnoym3b-Leaf36/dqnoym3b-Leaf36_shutdown.json, dn_count=23, spine_dn_count=2
2026-07-03 14:27:44 [DETAIL] dqnoym3b-Leaf36: after_admin=/home/kddi/scripts/nodeshut_vup/log/OrderGroup_Template_Leaf_TM-0400555-2/dqnoym3b-Leaf36_disable_after_admin_statuses.json, after_oper=/home/kddi/scripts/nodeshut_vup/log/OrderGroup_Template_Leaf_TM-0400555-2/dqnoym3b-Leaf36_disable_after_oper_statuses.json, after_spine_admin=/home/kddi/scripts/nodeshut_vup/log/OrderGroup_Template_Leaf_TM-0400555-2/dqnoym3b-Leaf36_disable_after_spine_admin_statuses.json, after_spine_oper=/home/kddi/scripts/nodeshut_vup/log/OrderGroup_Template_Leaf_TM-0400555-2/dqnoym3b-Leaf36_disable_after_spine_oper_statuses.json
2026-07-03 14:27:44 [DETAIL] dqnoym3b-Leaf36: commands_file=/home/kddi/scripts/nodeshut_vup/commands/leaf_commands.txt
2026-07-03 14:28:01 [DETAIL] dqnoym3b-Leaf38: node_id=1038, pod_id=1
2026-07-03 14:28:01 [DETAIL] dqnoym3b-Leaf38: shutdown_file=/home/kddi/scripts/nodeshut_vup/run/OrderGroup_Template_Leaf_TM-0400555-2/dqnoym3b-Leaf38/dqnoym3b-Leaf38_shutdown.json, dn_count=21, spine_dn_count=2
2026-07-03 14:28:01 [DETAIL] dqnoym3b-Leaf38: before_spine_admin=/home/kddi/scripts/nodeshut_vup/log/OrderGroup_Template_Leaf_TM-0400555-2/dqnoym3b-Leaf38_disable_before_spine_admin_statuses.json, before_spine_oper=/home/kddi/scripts/nodeshut_vup/log/OrderGroup_Template_Leaf_TM-0400555-2/dqnoym3b-Leaf38_disable_before_spine_oper_statuses.jsonbefore_apic_admin=/home/kddi/scripts/nodeshut_vup/log/OrderGroup_Template_Leaf_TM-0400555-2/dqnoym3b-Leaf38_disable_before_apic_admin_statuses.json, before_apic_oper=/home/kddi/scripts/nodeshut_vup/log/OrderGroup_Template_Leaf_TM-0400555-2/dqnoym3b-Leaf38_disable_before_apic_oper_statuses.json
2026-07-03 14:28:01 [DETAIL] dqnoym3b-Leaf38: before_admin=/home/kddi/scripts/nodeshut_vup/log/OrderGroup_Template_Leaf_TM-0400555-2/dqnoym3b-Leaf38_disable_before_admin_statuses.json, before_oper=/home/kddi/scripts/nodeshut_vup/log/OrderGroup_Template_Leaf_TM-0400555-2/dqnoym3b-Leaf38_disable_before_oper_statuses.json
2026-07-03 14:28:01 [DETAIL] dqnoym3b-Leaf38: POSTファイル=/home/kddi/scripts/nodeshut_vup/run/OrderGroup_Template_Leaf_TM-0400555-2/dqnoym3b-Leaf38/dqnoym3b-Leaf38_shutdown.json, dn_count=21, spine_dn_count=2
2026-07-03 14:28:12 [DETAIL] dqnoym3b-Leaf38: after_admin=/home/kddi/scripts/nodeshut_vup/log/OrderGroup_Template_Leaf_TM-0400555-2/dqnoym3b-Leaf38_disable_after_admin_statuses.json, after_oper=/home/kddi/scripts/nodeshut_vup/log/OrderGroup_Template_Leaf_TM-0400555-2/dqnoym3b-Leaf38_disable_after_oper_statuses.json, after_spine_admin=/home/kddi/scripts/nodeshut_vup/log/OrderGroup_Template_Leaf_TM-0400555-2/dqnoym3b-Leaf38_disable_after_spine_admin_statuses.json, after_spine_oper=/home/kddi/scripts/nodeshut_vup/log/OrderGroup_Template_Leaf_TM-0400555-2/dqnoym3b-Leaf38_disable_after_spine_oper_statuses.json
2026-07-03 14:28:12 [DETAIL] dqnoym3b-Leaf38: commands_file=/home/kddi/scripts/nodeshut_vup/commands/leaf_commands.txt
2026-07-03 14:28:29 [DETAIL] dqnoym3b-Leaf40: node_id=1040, pod_id=1
2026-07-03 14:28:29 [DETAIL] dqnoym3b-Leaf40: shutdown_file=/home/kddi/scripts/nodeshut_vup/run/OrderGroup_Template_Leaf_TM-0400555-2/dqnoym3b-Leaf40/dqnoym3b-Leaf40_shutdown.json, dn_count=21, spine_dn_count=2
2026-07-03 14:28:29 [DETAIL] dqnoym3b-Leaf40: before_spine_admin=/home/kddi/scripts/nodeshut_vup/log/OrderGroup_Template_Leaf_TM-0400555-2/dqnoym3b-Leaf40_disable_before_spine_admin_statuses.json, before_spine_oper=/home/kddi/scripts/nodeshut_vup/log/OrderGroup_Template_Leaf_TM-0400555-2/dqnoym3b-Leaf40_disable_before_spine_oper_statuses.jsonbefore_apic_admin=/home/kddi/scripts/nodeshut_vup/log/OrderGroup_Template_Leaf_TM-0400555-2/dqnoym3b-Leaf40_disable_before_apic_admin_statuses.json, before_apic_oper=/home/kddi/scripts/nodeshut_vup/log/OrderGroup_Template_Leaf_TM-0400555-2/dqnoym3b-Leaf40_disable_before_apic_oper_statuses.json
2026-07-03 14:28:29 [DETAIL] dqnoym3b-Leaf40: before_admin=/home/kddi/scripts/nodeshut_vup/log/OrderGroup_Template_Leaf_TM-0400555-2/dqnoym3b-Leaf40_disable_before_admin_statuses.json, before_oper=/home/kddi/scripts/nodeshut_vup/log/OrderGroup_Template_Leaf_TM-0400555-2/dqnoym3b-Leaf40_disable_before_oper_statuses.json
2026-07-03 14:28:29 [DETAIL] dqnoym3b-Leaf40: POSTファイル=/home/kddi/scripts/nodeshut_vup/run/OrderGroup_Template_Leaf_TM-0400555-2/dqnoym3b-Leaf40/dqnoym3b-Leaf40_shutdown.json, dn_count=21, spine_dn_count=2
2026-07-03 14:28:41 [DETAIL] dqnoym3b-Leaf40: after_admin=/home/kddi/scripts/nodeshut_vup/log/OrderGroup_Template_Leaf_TM-0400555-2/dqnoym3b-Leaf40_disable_after_admin_statuses.json, after_oper=/home/kddi/scripts/nodeshut_vup/log/OrderGroup_Template_Leaf_TM-0400555-2/dqnoym3b-Leaf40_disable_after_oper_statuses.json, after_spine_admin=/home/kddi/scripts/nodeshut_vup/log/OrderGroup_Template_Leaf_TM-0400555-2/dqnoym3b-Leaf40_disable_after_spine_admin_statuses.json, after_spine_oper=/home/kddi/scripts/nodeshut_vup/log/OrderGroup_Template_Leaf_TM-0400555-2/dqnoym3b-Leaf40_disable_after_spine_oper_statuses.json
2026-07-03 14:28:41 [DETAIL] dqnoym3b-Leaf40: commands_file=/home/kddi/scripts/nodeshut_vup/commands/leaf_commands.txt
2026-07-03 14:28:57 [DETAIL] dqnoym3b-Leaf42: node_id=1042, pod_id=1
2026-07-03 14:28:57 [DETAIL] dqnoym3b-Leaf42: shutdown_file=/home/kddi/scripts/nodeshut_vup/run/OrderGroup_Template_Leaf_TM-0400555-2/dqnoym3b-Leaf42/dqnoym3b-Leaf42_shutdown.json, dn_count=23, spine_dn_count=2
2026-07-03 14:28:57 [DETAIL] dqnoym3b-Leaf42: before_spine_admin=/home/kddi/scripts/nodeshut_vup/log/OrderGroup_Template_Leaf_TM-0400555-2/dqnoym3b-Leaf42_disable_before_spine_admin_statuses.json, before_spine_oper=/home/kddi/scripts/nodeshut_vup/log/OrderGroup_Template_Leaf_TM-0400555-2/dqnoym3b-Leaf42_disable_before_spine_oper_statuses.jsonbefore_apic_admin=/home/kddi/scripts/nodeshut_vup/log/OrderGroup_Template_Leaf_TM-0400555-2/dqnoym3b-Leaf42_disable_before_apic_admin_statuses.json, before_apic_oper=/home/kddi/scripts/nodeshut_vup/log/OrderGroup_Template_Leaf_TM-0400555-2/dqnoym3b-Leaf42_disable_before_apic_oper_statuses.json
2026-07-03 14:28:57 [DETAIL] dqnoym3b-Leaf42: before_admin=/home/kddi/scripts/nodeshut_vup/log/OrderGroup_Template_Leaf_TM-0400555-2/dqnoym3b-Leaf42_disable_before_admin_statuses.json, before_oper=/home/kddi/scripts/nodeshut_vup/log/OrderGroup_Template_Leaf_TM-0400555-2/dqnoym3b-Leaf42_disable_before_oper_statuses.json
2026-07-03 14:28:57 [DETAIL] dqnoym3b-Leaf42: POSTファイル=/home/kddi/scripts/nodeshut_vup/run/OrderGroup_Template_Leaf_TM-0400555-2/dqnoym3b-Leaf42/dqnoym3b-Leaf42_shutdown.json, dn_count=23, spine_dn_count=2
2026-07-03 14:29:09 [DETAIL] dqnoym3b-Leaf42: after_admin=/home/kddi/scripts/nodeshut_vup/log/OrderGroup_Template_Leaf_TM-0400555-2/dqnoym3b-Leaf42_disable_after_admin_statuses.json, after_oper=/home/kddi/scripts/nodeshut_vup/log/OrderGroup_Template_Leaf_TM-0400555-2/dqnoym3b-Leaf42_disable_after_oper_statuses.json, after_spine_admin=/home/kddi/scripts/nodeshut_vup/log/OrderGroup_Template_Leaf_TM-0400555-2/dqnoym3b-Leaf42_disable_after_spine_admin_statuses.json, after_spine_oper=/home/kddi/scripts/nodeshut_vup/log/OrderGroup_Template_Leaf_TM-0400555-2/dqnoym3b-Leaf42_disable_after_spine_oper_statuses.json
2026-07-03 14:29:09 [DETAIL] dqnoym3b-Leaf42: commands_file=/home/kddi/scripts/nodeshut_vup/commands/leaf_commands.txt
2026-07-03 14:29:25 [DETAIL] dqnoym3b-Leaf44: node_id=1044, pod_id=1
2026-07-03 14:29:25 [DETAIL] dqnoym3b-Leaf44: shutdown_file=/home/kddi/scripts/nodeshut_vup/run/OrderGroup_Template_Leaf_TM-0400555-2/dqnoym3b-Leaf44/dqnoym3b-Leaf44_shutdown.json, dn_count=21, spine_dn_count=2
2026-07-03 14:29:26 [DETAIL] dqnoym3b-Leaf44: before_spine_admin=/home/kddi/scripts/nodeshut_vup/log/OrderGroup_Template_Leaf_TM-0400555-2/dqnoym3b-Leaf44_disable_before_spine_admin_statuses.json, before_spine_oper=/home/kddi/scripts/nodeshut_vup/log/OrderGroup_Template_Leaf_TM-0400555-2/dqnoym3b-Leaf44_disable_before_spine_oper_statuses.jsonbefore_apic_admin=/home/kddi/scripts/nodeshut_vup/log/OrderGroup_Template_Leaf_TM-0400555-2/dqnoym3b-Leaf44_disable_before_apic_admin_statuses.json, before_apic_oper=/home/kddi/scripts/nodeshut_vup/log/OrderGroup_Template_Leaf_TM-0400555-2/dqnoym3b-Leaf44_disable_before_apic_oper_statuses.json
2026-07-03 14:29:26 [DETAIL] dqnoym3b-Leaf44: before_admin=/home/kddi/scripts/nodeshut_vup/log/OrderGroup_Template_Leaf_TM-0400555-2/dqnoym3b-Leaf44_disable_before_admin_statuses.json, before_oper=/home/kddi/scripts/nodeshut_vup/log/OrderGroup_Template_Leaf_TM-0400555-2/dqnoym3b-Leaf44_disable_before_oper_statuses.json
2026-07-03 14:29:26 [DETAIL] dqnoym3b-Leaf44: POSTファイル=/home/kddi/scripts/nodeshut_vup/run/OrderGroup_Template_Leaf_TM-0400555-2/dqnoym3b-Leaf44/dqnoym3b-Leaf44_shutdown.json, dn_count=21, spine_dn_count=2
2026-07-03 14:29:37 [DETAIL] dqnoym3b-Leaf44: after_admin=/home/kddi/scripts/nodeshut_vup/log/OrderGroup_Template_Leaf_TM-0400555-2/dqnoym3b-Leaf44_disable_after_admin_statuses.json, after_oper=/home/kddi/scripts/nodeshut_vup/log/OrderGroup_Template_Leaf_TM-0400555-2/dqnoym3b-Leaf44_disable_after_oper_statuses.json, after_spine_admin=/home/kddi/scripts/nodeshut_vup/log/OrderGroup_Template_Leaf_TM-0400555-2/dqnoym3b-Leaf44_disable_after_spine_admin_statuses.json, after_spine_oper=/home/kddi/scripts/nodeshut_vup/log/OrderGroup_Template_Leaf_TM-0400555-2/dqnoym3b-Leaf44_disable_after_spine_oper_statuses.json
2026-07-03 14:29:37 [DETAIL] dqnoym3b-Leaf44: commands_file=/home/kddi/scripts/nodeshut_vup/commands/leaf_commands.txt
2026-07-03 14:29:53 [DETAIL] dqnoym3b-Leaf46: node_id=1046, pod_id=1
2026-07-03 14:29:53 [DETAIL] dqnoym3b-Leaf46: shutdown_file=/home/kddi/scripts/nodeshut_vup/run/OrderGroup_Template_Leaf_TM-0400555-2/dqnoym3b-Leaf46/dqnoym3b-Leaf46_shutdown.json, dn_count=21, spine_dn_count=2
2026-07-03 14:29:54 [DETAIL] dqnoym3b-Leaf46: before_spine_admin=/home/kddi/scripts/nodeshut_vup/log/OrderGroup_Template_Leaf_TM-0400555-2/dqnoym3b-Leaf46_disable_before_spine_admin_statuses.json, before_spine_oper=/home/kddi/scripts/nodeshut_vup/log/OrderGroup_Template_Leaf_TM-0400555-2/dqnoym3b-Leaf46_disable_before_spine_oper_statuses.jsonbefore_apic_admin=/home/kddi/scripts/nodeshut_vup/log/OrderGroup_Template_Leaf_TM-0400555-2/dqnoym3b-Leaf46_disable_before_apic_admin_statuses.json, before_apic_oper=/home/kddi/scripts/nodeshut_vup/log/OrderGroup_Template_Leaf_TM-0400555-2/dqnoym3b-Leaf46_disable_before_apic_oper_statuses.json
2026-07-03 14:29:54 [DETAIL] dqnoym3b-Leaf46: before_admin=/home/kddi/scripts/nodeshut_vup/log/OrderGroup_Template_Leaf_TM-0400555-2/dqnoym3b-Leaf46_disable_before_admin_statuses.json, before_oper=/home/kddi/scripts/nodeshut_vup/log/OrderGroup_Template_Leaf_TM-0400555-2/dqnoym3b-Leaf46_disable_before_oper_statuses.json
2026-07-03 14:29:54 [DETAIL] dqnoym3b-Leaf46: POSTファイル=/home/kddi/scripts/nodeshut_vup/run/OrderGroup_Template_Leaf_TM-0400555-2/dqnoym3b-Leaf46/dqnoym3b-Leaf46_shutdown.json, dn_count=21, spine_dn_count=2
2026-07-03 14:30:05 [DETAIL] dqnoym3b-Leaf46: after_admin=/home/kddi/scripts/nodeshut_vup/log/OrderGroup_Template_Leaf_TM-0400555-2/dqnoym3b-Leaf46_disable_after_admin_statuses.json, after_oper=/home/kddi/scripts/nodeshut_vup/log/OrderGroup_Template_Leaf_TM-0400555-2/dqnoym3b-Leaf46_disable_after_oper_statuses.json, after_spine_admin=/home/kddi/scripts/nodeshut_vup/log/OrderGroup_Template_Leaf_TM-0400555-2/dqnoym3b-Leaf46_disable_after_spine_admin_statuses.json, after_spine_oper=/home/kddi/scripts/nodeshut_vup/log/OrderGroup_Template_Leaf_TM-0400555-2/dqnoym3b-Leaf46_disable_after_spine_oper_statuses.json
2026-07-03 14:30:05 [DETAIL] dqnoym3b-Leaf46: commands_file=/home/kddi/scripts/nodeshut_vup/commands/leaf_commands.txt
2026-07-03 14:30:22 [DETAIL] dqnoym3b-Leaf48: node_id=1048, pod_id=1
2026-07-03 14:30:22 [DETAIL] dqnoym3b-Leaf48: shutdown_file=/home/kddi/scripts/nodeshut_vup/run/OrderGroup_Template_Leaf_TM-0400555-2/dqnoym3b-Leaf48/dqnoym3b-Leaf48_shutdown.json, dn_count=23, spine_dn_count=2
2026-07-03 14:30:23 [DETAIL] dqnoym3b-Leaf48: before_spine_admin=/home/kddi/scripts/nodeshut_vup/log/OrderGroup_Template_Leaf_TM-0400555-2/dqnoym3b-Leaf48_disable_before_spine_admin_statuses.json, before_spine_oper=/home/kddi/scripts/nodeshut_vup/log/OrderGroup_Template_Leaf_TM-0400555-2/dqnoym3b-Leaf48_disable_before_spine_oper_statuses.jsonbefore_apic_admin=/home/kddi/scripts/nodeshut_vup/log/OrderGroup_Template_Leaf_TM-0400555-2/dqnoym3b-Leaf48_disable_before_apic_admin_statuses.json, before_apic_oper=/home/kddi/scripts/nodeshut_vup/log/OrderGroup_Template_Leaf_TM-0400555-2/dqnoym3b-Leaf48_disable_before_apic_oper_statuses.json
2026-07-03 14:30:23 [DETAIL] dqnoym3b-Leaf48: before_admin=/home/kddi/scripts/nodeshut_vup/log/OrderGroup_Template_Leaf_TM-0400555-2/dqnoym3b-Leaf48_disable_before_admin_statuses.json, before_oper=/home/kddi/scripts/nodeshut_vup/log/OrderGroup_Template_Leaf_TM-0400555-2/dqnoym3b-Leaf48_disable_before_oper_statuses.json
2026-07-03 14:30:23 [DETAIL] dqnoym3b-Leaf48: POSTファイル=/home/kddi/scripts/nodeshut_vup/run/OrderGroup_Template_Leaf_TM-0400555-2/dqnoym3b-Leaf48/dqnoym3b-Leaf48_shutdown.json, dn_count=23, spine_dn_count=2
2026-07-03 14:30:34 [DETAIL] dqnoym3b-Leaf48: after_admin=/home/kddi/scripts/nodeshut_vup/log/OrderGroup_Template_Leaf_TM-0400555-2/dqnoym3b-Leaf48_disable_after_admin_statuses.json, after_oper=/home/kddi/scripts/nodeshut_vup/log/OrderGroup_Template_Leaf_TM-0400555-2/dqnoym3b-Leaf48_disable_after_oper_statuses.json, after_spine_admin=/home/kddi/scripts/nodeshut_vup/log/OrderGroup_Template_Leaf_TM-0400555-2/dqnoym3b-Leaf48_disable_after_spine_admin_statuses.json, after_spine_oper=/home/kddi/scripts/nodeshut_vup/log/OrderGroup_Template_Leaf_TM-0400555-2/dqnoym3b-Leaf48_disable_after_spine_oper_statuses.json
2026-07-03 14:30:34 [DETAIL] dqnoym3b-Leaf48: commands_file=/home/kddi/scripts/nodeshut_vup/commands/leaf_commands.txt
2026-07-03 14:30:51 [DETAIL] dqnoym3b-Leaf58: node_id=1058, pod_id=1
2026-07-03 14:30:51 [DETAIL] dqnoym3b-Leaf58: shutdown_file=False, dn_count=0, spine_dn_count=2
2026-07-03 14:30:51 [DETAIL] dqnoym3b-Leaf58: before_spine_admin=/home/kddi/scripts/nodeshut_vup/log/OrderGroup_Template_Leaf_TM-0400555-2/dqnoym3b-Leaf58_disable_before_spine_admin_statuses.json, before_spine_oper=/home/kddi/scripts/nodeshut_vup/log/OrderGroup_Template_Leaf_TM-0400555-2/dqnoym3b-Leaf58_disable_before_spine_oper_statuses.jsonbefore_apic_admin=/home/kddi/scripts/nodeshut_vup/log/OrderGroup_Template_Leaf_TM-0400555-2/dqnoym3b-Leaf58_disable_before_apic_admin_statuses.json, before_apic_oper=/home/kddi/scripts/nodeshut_vup/log/OrderGroup_Template_Leaf_TM-0400555-2/dqnoym3b-Leaf58_disable_before_apic_oper_statuses.json
2026-07-03 14:30:51 [DETAIL] dqnoym3b-Leaf58: commands_file=/home/kddi/scripts/nodeshut_vup/commands/leaf_commands.txt
2026-07-03 14:31:06 [DETAIL] dqnoym3b-Leaf60: node_id=1060, pod_id=1
2026-07-03 14:31:06 [DETAIL] dqnoym3b-Leaf60: shutdown_file=False, dn_count=0, spine_dn_count=2
2026-07-03 14:31:06 [DETAIL] dqnoym3b-Leaf60: before_spine_admin=/home/kddi/scripts/nodeshut_vup/log/OrderGroup_Template_Leaf_TM-0400555-2/dqnoym3b-Leaf60_disable_before_spine_admin_statuses.json, before_spine_oper=/home/kddi/scripts/nodeshut_vup/log/OrderGroup_Template_Leaf_TM-0400555-2/dqnoym3b-Leaf60_disable_before_spine_oper_statuses.jsonbefore_apic_admin=/home/kddi/scripts/nodeshut_vup/log/OrderGroup_Template_Leaf_TM-0400555-2/dqnoym3b-Leaf60_disable_before_apic_admin_statuses.json, before_apic_oper=/home/kddi/scripts/nodeshut_vup/log/OrderGroup_Template_Leaf_TM-0400555-2/dqnoym3b-Leaf60_disable_before_apic_oper_statuses.json
2026-07-03 14:31:07 [DETAIL] dqnoym3b-Leaf60: commands_file=/home/kddi/scripts/nodeshut_vup/commands/leaf_commands.txt
2026-07-03 14:31:21 [DETAIL] dqnoym3b-Leaf62: node_id=1062, pod_id=1
2026-07-03 14:31:21 [DETAIL] dqnoym3b-Leaf62: shutdown_file=False, dn_count=0, spine_dn_count=2
2026-07-03 14:31:22 [DETAIL] dqnoym3b-Leaf62: before_spine_admin=/home/kddi/scripts/nodeshut_vup/log/OrderGroup_Template_Leaf_TM-0400555-2/dqnoym3b-Leaf62_disable_before_spine_admin_statuses.json, before_spine_oper=/home/kddi/scripts/nodeshut_vup/log/OrderGroup_Template_Leaf_TM-0400555-2/dqnoym3b-Leaf62_disable_before_spine_oper_statuses.jsonbefore_apic_admin=/home/kddi/scripts/nodeshut_vup/log/OrderGroup_Template_Leaf_TM-0400555-2/dqnoym3b-Leaf62_disable_before_apic_admin_statuses.json, before_apic_oper=/home/kddi/scripts/nodeshut_vup/log/OrderGroup_Template_Leaf_TM-0400555-2/dqnoym3b-Leaf62_disable_before_apic_oper_statuses.json
2026-07-03 14:31:22 [DETAIL] dqnoym3b-Leaf62: commands_file=/home/kddi/scripts/nodeshut_vup/commands/leaf_commands.txt
2026-07-03 14:31:37 [DETAIL] dqnoym3b-Leaf64: node_id=1064, pod_id=1
2026-07-03 14:31:37 [DETAIL] dqnoym3b-Leaf64: shutdown_file=False, dn_count=0, spine_dn_count=2
2026-07-03 14:31:37 [DETAIL] dqnoym3b-Leaf64: before_spine_admin=/home/kddi/scripts/nodeshut_vup/log/OrderGroup_Template_Leaf_TM-0400555-2/dqnoym3b-Leaf64_disable_before_spine_admin_statuses.json, before_spine_oper=/home/kddi/scripts/nodeshut_vup/log/OrderGroup_Template_Leaf_TM-0400555-2/dqnoym3b-Leaf64_disable_before_spine_oper_statuses.jsonbefore_apic_admin=/home/kddi/scripts/nodeshut_vup/log/OrderGroup_Template_Leaf_TM-0400555-2/dqnoym3b-Leaf64_disable_before_apic_admin_statuses.json, before_apic_oper=/home/kddi/scripts/nodeshut_vup/log/OrderGroup_Template_Leaf_TM-0400555-2/dqnoym3b-Leaf64_disable_before_apic_oper_statuses.json
2026-07-03 14:31:37 [DETAIL] dqnoym3b-Leaf64: commands_file=/home/kddi/scripts/nodeshut_vup/commands/leaf_commands.txt
2026-07-03 14:31:52 [DETAIL] dqnoym3b-Leaf66: node_id=1066, pod_id=1
2026-07-03 14:31:52 [DETAIL] dqnoym3b-Leaf66: shutdown_file=False, dn_count=0, spine_dn_count=2
2026-07-03 14:31:52 [DETAIL] dqnoym3b-Leaf66: before_spine_admin=/home/kddi/scripts/nodeshut_vup/log/OrderGroup_Template_Leaf_TM-0400555-2/dqnoym3b-Leaf66_disable_before_spine_admin_statuses.json, before_spine_oper=/home/kddi/scripts/nodeshut_vup/log/OrderGroup_Template_Leaf_TM-0400555-2/dqnoym3b-Leaf66_disable_before_spine_oper_statuses.jsonbefore_apic_admin=/home/kddi/scripts/nodeshut_vup/log/OrderGroup_Template_Leaf_TM-0400555-2/dqnoym3b-Leaf66_disable_before_apic_admin_statuses.json, before_apic_oper=/home/kddi/scripts/nodeshut_vup/log/OrderGroup_Template_Leaf_TM-0400555-2/dqnoym3b-Leaf66_disable_before_apic_oper_statuses.json
2026-07-03 14:31:53 [DETAIL] dqnoym3b-Leaf66: commands_file=/home/kddi/scripts/nodeshut_vup/commands/leaf_commands.txt
2026-07-03 14:32:07 [DETAIL] dqnoym3b-Leaf68: node_id=1068, pod_id=1
2026-07-03 14:32:07 [DETAIL] dqnoym3b-Leaf68: shutdown_file=False, dn_count=0, spine_dn_count=2
2026-07-03 14:32:08 [DETAIL] dqnoym3b-Leaf68: before_spine_admin=/home/kddi/scripts/nodeshut_vup/log/OrderGroup_Template_Leaf_TM-0400555-2/dqnoym3b-Leaf68_disable_before_spine_admin_statuses.json, before_spine_oper=/home/kddi/scripts/nodeshut_vup/log/OrderGroup_Template_Leaf_TM-0400555-2/dqnoym3b-Leaf68_disable_before_spine_oper_statuses.jsonbefore_apic_admin=/home/kddi/scripts/nodeshut_vup/log/OrderGroup_Template_Leaf_TM-0400555-2/dqnoym3b-Leaf68_disable_before_apic_admin_statuses.json, before_apic_oper=/home/kddi/scripts/nodeshut_vup/log/OrderGroup_Template_Leaf_TM-0400555-2/dqnoym3b-Leaf68_disable_before_apic_oper_statuses.json
2026-07-03 14:32:08 [DETAIL] dqnoym3b-Leaf68: commands_file=/home/kddi/scripts/nodeshut_vup/commands/leaf_commands.txt
2026-07-03 14:32:23 [DETAIL] dqnoym3b-Leaf70: node_id=1070, pod_id=1
2026-07-03 14:32:23 [DETAIL] dqnoym3b-Leaf70: shutdown_file=False, dn_count=0, spine_dn_count=2
2026-07-03 14:32:23 [DETAIL] dqnoym3b-Leaf70: before_spine_admin=/home/kddi/scripts/nodeshut_vup/log/OrderGroup_Template_Leaf_TM-0400555-2/dqnoym3b-Leaf70_disable_before_spine_admin_statuses.json, before_spine_oper=/home/kddi/scripts/nodeshut_vup/log/OrderGroup_Template_Leaf_TM-0400555-2/dqnoym3b-Leaf70_disable_before_spine_oper_statuses.jsonbefore_apic_admin=/home/kddi/scripts/nodeshut_vup/log/OrderGroup_Template_Leaf_TM-0400555-2/dqnoym3b-Leaf70_disable_before_apic_admin_statuses.json, before_apic_oper=/home/kddi/scripts/nodeshut_vup/log/OrderGroup_Template_Leaf_TM-0400555-2/dqnoym3b-Leaf70_disable_before_apic_oper_statuses.json
2026-07-03 14:32:23 [DETAIL] dqnoym3b-Leaf70: commands_file=/home/kddi/scripts/nodeshut_vup/commands/leaf_commands.txt
2026-07-03 14:32:38 [DETAIL] dqnoym3b-Leaf76: node_id=1076, pod_id=1
2026-07-03 14:32:38 [DETAIL] dqnoym3b-Leaf76: shutdown_file=/home/kddi/scripts/nodeshut_vup/run/OrderGroup_Template_Leaf_TM-0400555-2/dqnoym3b-Leaf76/dqnoym3b-Leaf76_shutdown.json, dn_count=2, spine_dn_count=2
2026-07-03 14:32:38 [DETAIL] dqnoym3b-Leaf76: before_spine_admin=/home/kddi/scripts/nodeshut_vup/log/OrderGroup_Template_Leaf_TM-0400555-2/dqnoym3b-Leaf76_disable_before_spine_admin_statuses.json, before_spine_oper=/home/kddi/scripts/nodeshut_vup/log/OrderGroup_Template_Leaf_TM-0400555-2/dqnoym3b-Leaf76_disable_before_spine_oper_statuses.jsonbefore_apic_admin=/home/kddi/scripts/nodeshut_vup/log/OrderGroup_Template_Leaf_TM-0400555-2/dqnoym3b-Leaf76_disable_before_apic_admin_statuses.json, before_apic_oper=/home/kddi/scripts/nodeshut_vup/log/OrderGroup_Template_Leaf_TM-0400555-2/dqnoym3b-Leaf76_disable_before_apic_oper_statuses.json
2026-07-03 14:32:38 [DETAIL] dqnoym3b-Leaf76: before_admin=/home/kddi/scripts/nodeshut_vup/log/OrderGroup_Template_Leaf_TM-0400555-2/dqnoym3b-Leaf76_disable_before_admin_statuses.json, before_oper=/home/kddi/scripts/nodeshut_vup/log/OrderGroup_Template_Leaf_TM-0400555-2/dqnoym3b-Leaf76_disable_before_oper_statuses.json
2026-07-03 14:32:38 [DETAIL] dqnoym3b-Leaf76: POSTファイル=/home/kddi/scripts/nodeshut_vup/run/OrderGroup_Template_Leaf_TM-0400555-2/dqnoym3b-Leaf76/dqnoym3b-Leaf76_shutdown.json, dn_count=2, spine_dn_count=2
2026-07-03 14:32:50 [DETAIL] dqnoym3b-Leaf76: after_admin=/home/kddi/scripts/nodeshut_vup/log/OrderGroup_Template_Leaf_TM-0400555-2/dqnoym3b-Leaf76_disable_after_admin_statuses.json, after_oper=/home/kddi/scripts/nodeshut_vup/log/OrderGroup_Template_Leaf_TM-0400555-2/dqnoym3b-Leaf76_disable_after_oper_statuses.json, after_spine_admin=/home/kddi/scripts/nodeshut_vup/log/OrderGroup_Template_Leaf_TM-0400555-2/dqnoym3b-Leaf76_disable_after_spine_admin_statuses.json, after_spine_oper=/home/kddi/scripts/nodeshut_vup/log/OrderGroup_Template_Leaf_TM-0400555-2/dqnoym3b-Leaf76_disable_after_spine_oper_statuses.json
2026-07-03 14:32:50 [DETAIL] dqnoym3b-Leaf76: commands_file=/home/kddi/scripts/nodeshut_vup/commands/leaf_commands.txt
2026-07-03 14:33:05 [DETAIL] dqnoym3b-Leaf78: node_id=1078, pod_id=1
2026-07-03 14:33:05 [DETAIL] dqnoym3b-Leaf78: shutdown_file=/home/kddi/scripts/nodeshut_vup/run/OrderGroup_Template_Leaf_TM-0400555-2/dqnoym3b-Leaf78/dqnoym3b-Leaf78_shutdown.json, dn_count=2, spine_dn_count=2
2026-07-03 14:33:05 [DETAIL] dqnoym3b-Leaf78: before_spine_admin=/home/kddi/scripts/nodeshut_vup/log/OrderGroup_Template_Leaf_TM-0400555-2/dqnoym3b-Leaf78_disable_before_spine_admin_statuses.json, before_spine_oper=/home/kddi/scripts/nodeshut_vup/log/OrderGroup_Template_Leaf_TM-0400555-2/dqnoym3b-Leaf78_disable_before_spine_oper_statuses.jsonbefore_apic_admin=/home/kddi/scripts/nodeshut_vup/log/OrderGroup_Template_Leaf_TM-0400555-2/dqnoym3b-Leaf78_disable_before_apic_admin_statuses.json, before_apic_oper=/home/kddi/scripts/nodeshut_vup/log/OrderGroup_Template_Leaf_TM-0400555-2/dqnoym3b-Leaf78_disable_before_apic_oper_statuses.json
2026-07-03 14:33:05 [DETAIL] dqnoym3b-Leaf78: before_admin=/home/kddi/scripts/nodeshut_vup/log/OrderGroup_Template_Leaf_TM-0400555-2/dqnoym3b-Leaf78_disable_before_admin_statuses.json, before_oper=/home/kddi/scripts/nodeshut_vup/log/OrderGroup_Template_Leaf_TM-0400555-2/dqnoym3b-Leaf78_disable_before_oper_statuses.json
2026-07-03 14:33:05 [DETAIL] dqnoym3b-Leaf78: POSTファイル=/home/kddi/scripts/nodeshut_vup/run/OrderGroup_Template_Leaf_TM-0400555-2/dqnoym3b-Leaf78/dqnoym3b-Leaf78_shutdown.json, dn_count=2, spine_dn_count=2
2026-07-03 14:33:17 [DETAIL] dqnoym3b-Leaf78: after_admin=/home/kddi/scripts/nodeshut_vup/log/OrderGroup_Template_Leaf_TM-0400555-2/dqnoym3b-Leaf78_disable_after_admin_statuses.json, after_oper=/home/kddi/scripts/nodeshut_vup/log/OrderGroup_Template_Leaf_TM-0400555-2/dqnoym3b-Leaf78_disable_after_oper_statuses.json, after_spine_admin=/home/kddi/scripts/nodeshut_vup/log/OrderGroup_Template_Leaf_TM-0400555-2/dqnoym3b-Leaf78_disable_after_spine_admin_statuses.json, after_spine_oper=/home/kddi/scripts/nodeshut_vup/log/OrderGroup_Template_Leaf_TM-0400555-2/dqnoym3b-Leaf78_disable_after_spine_oper_statuses.json
2026-07-03 14:33:17 [DETAIL] dqnoym3b-Leaf78: commands_file=/home/kddi/scripts/nodeshut_vup/commands/leaf_commands.txt
2026-07-03 14:33:31 [DETAIL] dqnoym3b-Leaf80: node_id=1080, pod_id=1
2026-07-03 14:33:32 [DETAIL] dqnoym3b-Leaf80: shutdown_file=/home/kddi/scripts/nodeshut_vup/run/OrderGroup_Template_Leaf_TM-0400555-2/dqnoym3b-Leaf80/dqnoym3b-Leaf80_shutdown.json, dn_count=15, spine_dn_count=2
2026-07-03 14:33:32 [DETAIL] dqnoym3b-Leaf80: before_spine_admin=/home/kddi/scripts/nodeshut_vup/log/OrderGroup_Template_Leaf_TM-0400555-2/dqnoym3b-Leaf80_disable_before_spine_admin_statuses.json, before_spine_oper=/home/kddi/scripts/nodeshut_vup/log/OrderGroup_Template_Leaf_TM-0400555-2/dqnoym3b-Leaf80_disable_before_spine_oper_statuses.jsonbefore_apic_admin=/home/kddi/scripts/nodeshut_vup/log/OrderGroup_Template_Leaf_TM-0400555-2/dqnoym3b-Leaf80_disable_before_apic_admin_statuses.json, before_apic_oper=/home/kddi/scripts/nodeshut_vup/log/OrderGroup_Template_Leaf_TM-0400555-2/dqnoym3b-Leaf80_disable_before_apic_oper_statuses.json
2026-07-03 14:33:32 [DETAIL] dqnoym3b-Leaf80: before_admin=/home/kddi/scripts/nodeshut_vup/log/OrderGroup_Template_Leaf_TM-0400555-2/dqnoym3b-Leaf80_disable_before_admin_statuses.json, before_oper=/home/kddi/scripts/nodeshut_vup/log/OrderGroup_Template_Leaf_TM-0400555-2/dqnoym3b-Leaf80_disable_before_oper_statuses.json
2026-07-03 14:33:32 [DETAIL] dqnoym3b-Leaf80: POSTファイル=/home/kddi/scripts/nodeshut_vup/run/OrderGroup_Template_Leaf_TM-0400555-2/dqnoym3b-Leaf80/dqnoym3b-Leaf80_shutdown.json, dn_count=15, spine_dn_count=2
2026-07-03 14:33:43 [DETAIL] dqnoym3b-Leaf80: after_admin=/home/kddi/scripts/nodeshut_vup/log/OrderGroup_Template_Leaf_TM-0400555-2/dqnoym3b-Leaf80_disable_after_admin_statuses.json, after_oper=/home/kddi/scripts/nodeshut_vup/log/OrderGroup_Template_Leaf_TM-0400555-2/dqnoym3b-Leaf80_disable_after_oper_statuses.json, after_spine_admin=/home/kddi/scripts/nodeshut_vup/log/OrderGroup_Template_Leaf_TM-0400555-2/dqnoym3b-Leaf80_disable_after_spine_admin_statuses.json, after_spine_oper=/home/kddi/scripts/nodeshut_vup/log/OrderGroup_Template_Leaf_TM-0400555-2/dqnoym3b-Leaf80_disable_after_spine_oper_statuses.json
2026-07-03 14:33:43 [DETAIL] dqnoym3b-Leaf80: commands_file=/home/kddi/scripts/nodeshut_vup/commands/leaf_commands.txt
2026-07-03 14:34:00 [DETAIL] dqnoym3b-Leaf82: node_id=1082, pod_id=1
2026-07-03 14:34:00 [DETAIL] dqnoym3b-Leaf82: shutdown_file=/home/kddi/scripts/nodeshut_vup/run/OrderGroup_Template_Leaf_TM-0400555-2/dqnoym3b-Leaf82/dqnoym3b-Leaf82_shutdown.json, dn_count=21, spine_dn_count=2
2026-07-03 14:34:01 [DETAIL] dqnoym3b-Leaf82: before_spine_admin=/home/kddi/scripts/nodeshut_vup/log/OrderGroup_Template_Leaf_TM-0400555-2/dqnoym3b-Leaf82_disable_before_spine_admin_statuses.json, before_spine_oper=/home/kddi/scripts/nodeshut_vup/log/OrderGroup_Template_Leaf_TM-0400555-2/dqnoym3b-Leaf82_disable_before_spine_oper_statuses.jsonbefore_apic_admin=/home/kddi/scripts/nodeshut_vup/log/OrderGroup_Template_Leaf_TM-0400555-2/dqnoym3b-Leaf82_disable_before_apic_admin_statuses.json, before_apic_oper=/home/kddi/scripts/nodeshut_vup/log/OrderGroup_Template_Leaf_TM-0400555-2/dqnoym3b-Leaf82_disable_before_apic_oper_statuses.json
2026-07-03 14:34:01 [DETAIL] dqnoym3b-Leaf82: before_admin=/home/kddi/scripts/nodeshut_vup/log/OrderGroup_Template_Leaf_TM-0400555-2/dqnoym3b-Leaf82_disable_before_admin_statuses.json, before_oper=/home/kddi/scripts/nodeshut_vup/log/OrderGroup_Template_Leaf_TM-0400555-2/dqnoym3b-Leaf82_disable_before_oper_statuses.json
2026-07-03 14:34:01 [DETAIL] dqnoym3b-Leaf82: POSTファイル=/home/kddi/scripts/nodeshut_vup/run/OrderGroup_Template_Leaf_TM-0400555-2/dqnoym3b-Leaf82/dqnoym3b-Leaf82_shutdown.json, dn_count=21, spine_dn_count=2
2026-07-03 14:34:12 [DETAIL] dqnoym3b-Leaf82: after_admin=/home/kddi/scripts/nodeshut_vup/log/OrderGroup_Template_Leaf_TM-0400555-2/dqnoym3b-Leaf82_disable_after_admin_statuses.json, after_oper=/home/kddi/scripts/nodeshut_vup/log/OrderGroup_Template_Leaf_TM-0400555-2/dqnoym3b-Leaf82_disable_after_oper_statuses.json, after_spine_admin=/home/kddi/scripts/nodeshut_vup/log/OrderGroup_Template_Leaf_TM-0400555-2/dqnoym3b-Leaf82_disable_after_spine_admin_statuses.json, after_spine_oper=/home/kddi/scripts/nodeshut_vup/log/OrderGroup_Template_Leaf_TM-0400555-2/dqnoym3b-Leaf82_disable_after_spine_oper_statuses.json
2026-07-03 14:34:12 [DETAIL] dqnoym3b-Leaf82: commands_file=/home/kddi/scripts/nodeshut_vup/commands/leaf_commands.txt
2026-07-03 14:34:30 [DETAIL] dqnoym3b-Leaf84: node_id=1084, pod_id=1
2026-07-03 14:34:30 [DETAIL] dqnoym3b-Leaf84: shutdown_file=/home/kddi/scripts/nodeshut_vup/run/OrderGroup_Template_Leaf_TM-0400555-2/dqnoym3b-Leaf84/dqnoym3b-Leaf84_shutdown.json, dn_count=16, spine_dn_count=2
2026-07-03 14:34:30 [DETAIL] dqnoym3b-Leaf84: before_spine_admin=/home/kddi/scripts/nodeshut_vup/log/OrderGroup_Template_Leaf_TM-0400555-2/dqnoym3b-Leaf84_disable_before_spine_admin_statuses.json, before_spine_oper=/home/kddi/scripts/nodeshut_vup/log/OrderGroup_Template_Leaf_TM-0400555-2/dqnoym3b-Leaf84_disable_before_spine_oper_statuses.jsonbefore_apic_admin=/home/kddi/scripts/nodeshut_vup/log/OrderGroup_Template_Leaf_TM-0400555-2/dqnoym3b-Leaf84_disable_before_apic_admin_statuses.json, before_apic_oper=/home/kddi/scripts/nodeshut_vup/log/OrderGroup_Template_Leaf_TM-0400555-2/dqnoym3b-Leaf84_disable_before_apic_oper_statuses.json
2026-07-03 14:34:30 [DETAIL] dqnoym3b-Leaf84: before_admin=/home/kddi/scripts/nodeshut_vup/log/OrderGroup_Template_Leaf_TM-0400555-2/dqnoym3b-Leaf84_disable_before_admin_statuses.json, before_oper=/home/kddi/scripts/nodeshut_vup/log/OrderGroup_Template_Leaf_TM-0400555-2/dqnoym3b-Leaf84_disable_before_oper_statuses.json
2026-07-03 14:34:30 [DETAIL] dqnoym3b-Leaf84: POSTファイル=/home/kddi/scripts/nodeshut_vup/run/OrderGroup_Template_Leaf_TM-0400555-2/dqnoym3b-Leaf84/dqnoym3b-Leaf84_shutdown.json, dn_count=16, spine_dn_count=2
2026-07-03 14:34:41 [DETAIL] dqnoym3b-Leaf84: after_admin=/home/kddi/scripts/nodeshut_vup/log/OrderGroup_Template_Leaf_TM-0400555-2/dqnoym3b-Leaf84_disable_after_admin_statuses.json, after_oper=/home/kddi/scripts/nodeshut_vup/log/OrderGroup_Template_Leaf_TM-0400555-2/dqnoym3b-Leaf84_disable_after_oper_statuses.json, after_spine_admin=/home/kddi/scripts/nodeshut_vup/log/OrderGroup_Template_Leaf_TM-0400555-2/dqnoym3b-Leaf84_disable_after_spine_admin_statuses.json, after_spine_oper=/home/kddi/scripts/nodeshut_vup/log/OrderGroup_Template_Leaf_TM-0400555-2/dqnoym3b-Leaf84_disable_after_spine_oper_statuses.json
2026-07-03 14:34:42 [DETAIL] dqnoym3b-Leaf84: commands_file=/home/kddi/scripts/nodeshut_vup/commands/leaf_commands.txt
2026-07-03 14:34:59 [DETAIL] dqnoym3b-Leaf86: node_id=1086, pod_id=1
2026-07-03 14:34:59 [DETAIL] dqnoym3b-Leaf86: shutdown_file=/home/kddi/scripts/nodeshut_vup/run/OrderGroup_Template_Leaf_TM-0400555-2/dqnoym3b-Leaf86/dqnoym3b-Leaf86_shutdown.json, dn_count=18, spine_dn_count=2
2026-07-03 14:34:59 [DETAIL] dqnoym3b-Leaf86: before_spine_admin=/home/kddi/scripts/nodeshut_vup/log/OrderGroup_Template_Leaf_TM-0400555-2/dqnoym3b-Leaf86_disable_before_spine_admin_statuses.json, before_spine_oper=/home/kddi/scripts/nodeshut_vup/log/OrderGroup_Template_Leaf_TM-0400555-2/dqnoym3b-Leaf86_disable_before_spine_oper_statuses.jsonbefore_apic_admin=/home/kddi/scripts/nodeshut_vup/log/OrderGroup_Template_Leaf_TM-0400555-2/dqnoym3b-Leaf86_disable_before_apic_admin_statuses.json, before_apic_oper=/home/kddi/scripts/nodeshut_vup/log/OrderGroup_Template_Leaf_TM-0400555-2/dqnoym3b-Leaf86_disable_before_apic_oper_statuses.json
2026-07-03 14:34:59 [DETAIL] dqnoym3b-Leaf86: before_admin=/home/kddi/scripts/nodeshut_vup/log/OrderGroup_Template_Leaf_TM-0400555-2/dqnoym3b-Leaf86_disable_before_admin_statuses.json, before_oper=/home/kddi/scripts/nodeshut_vup/log/OrderGroup_Template_Leaf_TM-0400555-2/dqnoym3b-Leaf86_disable_before_oper_statuses.json
2026-07-03 14:34:59 [DETAIL] dqnoym3b-Leaf86: POSTファイル=/home/kddi/scripts/nodeshut_vup/run/OrderGroup_Template_Leaf_TM-0400555-2/dqnoym3b-Leaf86/dqnoym3b-Leaf86_shutdown.json, dn_count=18, spine_dn_count=2
2026-07-03 14:35:10 [DETAIL] dqnoym3b-Leaf86: after_admin=/home/kddi/scripts/nodeshut_vup/log/OrderGroup_Template_Leaf_TM-0400555-2/dqnoym3b-Leaf86_disable_after_admin_statuses.json, after_oper=/home/kddi/scripts/nodeshut_vup/log/OrderGroup_Template_Leaf_TM-0400555-2/dqnoym3b-Leaf86_disable_after_oper_statuses.json, after_spine_admin=/home/kddi/scripts/nodeshut_vup/log/OrderGroup_Template_Leaf_TM-0400555-2/dqnoym3b-Leaf86_disable_after_spine_admin_statuses.json, after_spine_oper=/home/kddi/scripts/nodeshut_vup/log/OrderGroup_Template_Leaf_TM-0400555-2/dqnoym3b-Leaf86_disable_after_spine_oper_statuses.json
2026-07-03 14:35:11 [DETAIL] dqnoym3b-Leaf86: commands_file=/home/kddi/scripts/nodeshut_vup/commands/leaf_commands.txt
2026-07-03 14:35:27 [DETAIL] APIC接続例外: RuntimeError: 2026-07-03 14:35:27 No reachable APIC IPs found.
Traceback (most recent call last):
  File "/home/kddi/scripts/nodeshut_vup/nodeshut_vup.py", line 2024, in main
    token, apic_ip, apic = get_token_from_random_node(hostname)
  File "/home/kddi/scripts/nodeshut_vup/nodeshut_vup.py", line 4298, in get_token_from_random_node
    apic_ip, apic = apic_select(hostname)
  File "/home/kddi/scripts/nodeshut_vup/nodeshut_vup.py", line 4334, in apic_select
    apic_ip = check_connection(apic_ips)
  File "/home/kddi/scripts/nodeshut_vup/nodeshut_vup.py", line 142, in check_connection
    raise RuntimeError(f"{now} No reachable APIC IPs found.")
RuntimeError: 2026-07-03 14:35:27 No reachable APIC IPs found.

