2026-07-22 03:54:13 ノード切り離し:Leaf START
2026-07-22 03:54:13 [STEP1/3]事前確認 START
2026-07-22 03:54:14 [STEP1/3]事前確認 END
2026-07-22 03:54:16 [STEP2/3] dqntky4-Leaf501 ノード切り離し START
2026-07-22 03:55:04 [STEP2/3] dqntky4-Leaf501 ノード切り離し END
2026-07-22 03:55:06 [STEP2/3] dqntky4-Leaf511 ノード切り離し START
2026-07-22 03:55:53 [STEP2/3] dqntky4-Leaf511 ノード切り離し END
2026-07-22 03:55:54 [STEP2/3] dqntky4-Leaf521 ノード切り離し START
2026-07-22 03:56:40 [STEP2/3] dqntky4-Leaf521 ノード切り離し END
2026-07-22 03:56:42 [STEP2/3] dqntky4-Leaf551 ノード切り離し START
2026-07-22 03:57:28 [STEP2/3] dqntky4-Leaf551 ノード切り離し END
2026-07-22 03:57:30 [STEP2/3] dqntky4-Leaf571 ノード切り離し START
2026-07-22 03:58:13 [STEP2/3] dqntky4-Leaf571 ノード切り離し END
2026-07-22 03:58:14 [STEP2/3] dqntky4-Leaf583 ノード切り離し START
2026-07-22 03:58:36 [STEP2/3] dqntky4-Leaf583 ノード切り離し END
2026-07-22 03:58:38 [STEP2/3] dqntky4-Leaf585 ノード切り離し START
2026-07-22 03:59:00 [STEP2/3] dqntky4-Leaf585 ノード切り離し END
2026-07-22 03:59:01 [STEP2/3] dqntky4-Leaf587 ノード切り離し START
2026-07-22 03:59:23 [STEP2/3] dqntky4-Leaf587 ノード切り離し END
2026-07-22 03:59:23 [STEP3/3]事後確認 START
2026-07-22 03:59:23 [STEP3/3]事後確認 END
2026-07-22 03:59:23 ノード切り離し:Leaf END
