2026-07-03 14:26:34 ノード切り離し:Leaf START
2026-07-03 14:26:34 [STEP1/3]事前確認 START
2026-07-03 14:26:35 [STEP1/3]事前確認 END
2026-07-03 14:26:36 [STEP2/3] dqnoym3b-Leaf32 ノード切り離し START
2026-07-03 14:27:03 [STEP2/3] dqnoym3b-Leaf32 ノード切り離し END
2026-07-03 14:27:05 [STEP2/3] dqnoym3b-Leaf34 ノード切り離し START
2026-07-03 14:27:32 [STEP2/3] dqnoym3b-Leaf34 ノード切り離し END
2026-07-03 14:27:33 [STEP2/3] dqnoym3b-Leaf36 ノード切り離し START
2026-07-03 14:28:00 [STEP2/3] dqnoym3b-Leaf36 ノード切り離し END
2026-07-03 14:28:01 [STEP2/3] dqnoym3b-Leaf38 ノード切り離し START
2026-07-03 14:28:28 [STEP2/3] dqnoym3b-Leaf38 ノード切り離し END
2026-07-03 14:28:29 [STEP2/3] dqnoym3b-Leaf40 ノード切り離し START
2026-07-03 14:28:56 [STEP2/3] dqnoym3b-Leaf40 ノード切り離し END
2026-07-03 14:28:57 [STEP2/3] dqnoym3b-Leaf42 ノード切り離し START
2026-07-03 14:29:24 [STEP2/3] dqnoym3b-Leaf42 ノード切り離し END
2026-07-03 14:29:26 [STEP2/3] dqnoym3b-Leaf44 ノード切り離し START
2026-07-03 14:29:52 [STEP2/3] dqnoym3b-Leaf44 ノード切り離し END
2026-07-03 14:29:54 [STEP2/3] dqnoym3b-Leaf46 ノード切り離し START
2026-07-03 14:30:21 [STEP2/3] dqnoym3b-Leaf46 ノード切り離し END
2026-07-03 14:30:23 [STEP2/3] dqnoym3b-Leaf48 ノード切り離し START
2026-07-03 14:30:50 [STEP2/3] dqnoym3b-Leaf48 ノード切り離し END
2026-07-03 14:31:05 [STEP2/3] dqnoym3b-Leaf58 ノード切り離し END
2026-07-03 14:31:20 [STEP2/3] dqnoym3b-Leaf60 ノード切り離し END
2026-07-03 14:31:36 [STEP2/3] dqnoym3b-Leaf62 ノード切り離し END
2026-07-03 14:31:51 [STEP2/3] dqnoym3b-Leaf64 ノード切り離し END
2026-07-03 14:32:07 [STEP2/3] dqnoym3b-Leaf66 ノード切り離し END
2026-07-03 14:32:22 [STEP2/3] dqnoym3b-Leaf68 ノード切り離し END
2026-07-03 14:32:37 [STEP2/3] dqnoym3b-Leaf70 ノード切り離し END
2026-07-03 14:32:38 [STEP2/3] dqnoym3b-Leaf76 ノード切り離し START
2026-07-03 14:33:04 [STEP2/3] dqnoym3b-Leaf76 ノード切り離し END
2026-07-03 14:33:05 [STEP2/3] dqnoym3b-Leaf78 ノード切り離し START
2026-07-03 14:33:31 [STEP2/3] dqnoym3b-Leaf78 ノード切り離し END
2026-07-03 14:33:32 [STEP2/3] dqnoym3b-Leaf80 ノード切り離し START
2026-07-03 14:34:00 [STEP2/3] dqnoym3b-Leaf80 ノード切り離し END
2026-07-03 14:34:01 [STEP2/3] dqnoym3b-Leaf82 ノード切り離し START
2026-07-03 14:34:29 [STEP2/3] dqnoym3b-Leaf82 ノード切り離し END
2026-07-03 14:34:30 [STEP2/3] dqnoym3b-Leaf84 ノード切り離し START
2026-07-03 14:34:58 [STEP2/3] dqnoym3b-Leaf84 ノード切り離し END
2026-07-03 14:34:59 [STEP2/3] dqnoym3b-Leaf86 ノード切り離し START
2026-07-03 14:35:27 [STEP2/3] dqnoym3b-Leaf86 ノード切り離し END
2026-07-03 14:35:27 [STEP2/3]事前確認 ERROR
2026-07-03 14:35:27 ノード切り離し:Leaf ERROR
